{
  "RSpec": {
    "coverage": {
      "/Users/Nick/launchtalks/app/models/user.rb": [
        1,
        1,
        null,
        1,
        null,
        null,
        1,
        1,
        1,
        null,
        1,
        null,
        1,
        null,
        1,
        8,
        8,
        null,
        null
      ],
      "/Users/Nick/launchtalks/app/helpers/application_helper.rb": [
        1,
        null
      ],
      "/Users/Nick/launchtalks/app/models/profile.rb": [
        1,
        1,
        1,
        null
      ],
      "/Users/Nick/launchtalks/app/uploaders/avatar_uploader.rb": [
        null,
        null,
        1,
        null,
        null,
        1,
        null,
        null,
        1,
        null,
        null,
        null,
        null,
        null,
        null,
        1,
        4,
        null,
        null,
        null,
        null,
        null,
        null,
        null,
        null,
        null,
        null,
        1,
        1,
        null,
        null,
        null,
        null,
        1,
        4,
        null,
        null
      ],
      "/Users/Nick/launchtalks/app/controllers/application_controller.rb": [
        1,
        1,
        1,
        null,
        1,
        1,
        1,
        null,
        0,
        null,
        null,
        null,
        1,
        22,
        20,
        null,
        null
      ],
      "/Users/Nick/launchtalks/app/controllers/presentations_controller.rb": [
        1,
        1,
        15,
        12,
        null,
        15,
        null,
        null,
        1,
        1,
        null,
        null,
        1,
        0,
        null,
        null
      ],
      "/Users/Nick/launchtalks/app/models/presentation.rb": [
        1,
        1,
        1,
        null
      ],
      "/Users/Nick/launchtalks/app/controllers/profiles_controller.rb": [
        1,
        1,
        1,
        null,
        1,
        6,
        null,
        null,
        1,
        null,
        null,
        1,
        3,
        3,
        6,
        null,
        0,
        null,
        null,
        null,
        null,
        1,
        null,
        1,
        12,
        null,
        null,
        1,
        3,
        null,
        null
      ],
      "/Users/Nick/launchtalks/app/controllers/users_controller.rb": [
        0,
        0,
        0,
        0,
        0,
        0,
        0,
        0,
        0,
        0,
        0,
        0,
        0,
        0,
        0,
        0,
        0,
        0,
        0,
        0,
        0,
        0,
        0,
        0,
        0
      ]
    },
    "timestamp": 1461189410
  }
}
