{
  "RSpec": {
    "coverage": {
      "/Users/Nick/launchtalks/app/models/user.rb": [
        1,
        1,
        1,
        null,
        1,
        null,
        null,
        1,
        1,
        1,
        null,
        1,
        null,
        1,
        0,
        0,
        0,
        0,
        null,
        0,
        0,
        0,
        null,
        0,
        null,
        null,
        null,
        null,
        null,
        null,
        0,
        0,
        null,
        null,
        null,
        null,
        1,
        null,
        1,
        17,
        17,
        null,
        null
      ],
      "/Users/Nick/launchtalks/app/helpers/application_helper.rb": [
        1,
        1,
        3,
        3,
        null,
        null
      ],
      "/Users/Nick/launchtalks/app/controllers/application_controller.rb": [
        1,
        1,
        1,
        null,
        1,
        1,
        1,
        null,
        0,
        null,
        null,
        null,
        1,
        34,
        33,
        null,
        null
      ],
      "/Users/Nick/launchtalks/app/models/profile.rb": [
        1,
        1,
        1,
        null,
        null
      ],
      "/Users/Nick/launchtalks/app/uploaders/avatar_uploader.rb": [
        null,
        null,
        1,
        null,
        null,
        1,
        null,
        null,
        1,
        null,
        null,
        null,
        null,
        null,
        null,
        1,
        4,
        null,
        null,
        null,
        null,
        null,
        null,
        null,
        null,
        null,
        null,
        1,
        1,
        null,
        null,
        null,
        null,
        1,
        4,
        null,
        null
      ],
      "/Users/Nick/launchtalks/app/controllers/presentations_controller.rb": [
        1,
        1,
        22,
        19,
        null,
        22,
        null,
        null,
        1,
        5,
        null,
        null,
        1,
        4,
        null,
        null,
        1,
        4,
        4,
        4,
        2,
        2,
        null,
        2,
        2,
        null,
        null,
        null,
        1,
        1,
        null,
        null,
        1,
        1,
        1,
        1,
        1,
        1,
        1,
        null,
        0,
        0,
        null,
        null,
        null,
        null,
        1,
        null,
        1,
        null,
        null,
        null,
        null,
        5,
        null,
        null
      ],
      "/Users/Nick/launchtalks/app/models/presentation.rb": [
        1,
        1,
        1,
        1,
        null
      ],
      "/Users/Nick/launchtalks/app/controllers/profiles_controller.rb": [
        1,
        1,
        1,
        null,
        1,
        7,
        7,
        null,
        null,
        1,
        null,
        null,
        1,
        3,
        3,
        6,
        null,
        0,
        null,
        null,
        null,
        null,
        1,
        null,
        1,
        13,
        null,
        null,
        1,
        3,
        null,
        null
      ],
      "/Users/Nick/launchtalks/app/controllers/omniauth_callbacks_controller.rb": [
        0,
        0,
        0,
        0,
        0,
        0,
        0,
        0,
        0,
        0,
        0,
        0
      ],
      "/Users/Nick/launchtalks/app/controllers/users_controller.rb": [
        0,
        0,
        0,
        0,
        0,
        0,
        0,
        0,
        0,
        0,
        0,
        0,
        0,
        0,
        0,
        0,
        0,
        0,
        0,
        0,
        0,
        0,
        0,
        0,
        0
      ]
    },
    "timestamp": 1461614882
  }
}
